2020-12-22 09:51:00.996 [main] DEBUG com.dist.o2o.dao.ShopDao.insertShop - ==>  Preparing: INSERT INTO tb_shop(owner_id,area_id,shop_category_id,shop_name,shop_desc, shop_addr,phone,shop_img,priority,create_time,last_edit_time,enable_status,advice) VALUES (?,?,?,?,?,?, ?,?,?,?,?,?,?) 
2020-12-22 09:51:01.042 [main] DEBUG com.dist.o2o.dao.ShopDao.insertShop - ==> Parameters: 1(Long), 1(Integer), 1(Long), 测试的店铺1(String), test1(String), test1(String), test1(String), null, null, 2020-12-22 09:51:00.952(Timestamp), 2020-12-22 09:51:00.952(Timestamp), 0(Integer), 审核中(String)
2020-12-22 09:51:01.051 [main] DEBUG com.dist.o2o.dao.ShopDao.insertShop - <==    Updates: 1
2020-12-22 09:54:58.404 [main] DEBUG com.dist.o2o.dao.ShopDao.insertShop - ==>  Preparing: INSERT INTO tb_shop(owner_id,area_id,shop_category_id,shop_name,shop_desc, shop_addr,phone,shop_img,priority,create_time,last_edit_time,enable_status,advice) VALUES (?,?,?,?,?,?, ?,?,?,?,?,?,?) 
2020-12-22 09:54:58.447 [main] DEBUG com.dist.o2o.dao.ShopDao.insertShop - ==> Parameters: 1(Long), 1(Integer), 1(Long), 测试的店铺1(String), test1(String), test1(String), test1(String), null, null, 2020-12-22 09:54:58.368(Timestamp), 2020-12-22 09:54:58.368(Timestamp), 0(Integer), 审核中(String)
2020-12-22 09:54:58.449 [main] DEBUG com.dist.o2o.dao.ShopDao.insertShop - <==    Updates: 1
2020-12-22 09:54:59.101 [main] DEBUG com.dist.o2o.util.ImageUtil - current relative is:1564920201222095458
2020-12-22 09:54:59.473 [main] DEBUG com.dist.o2o.dao.ShopDao.updateShop - ==>  Preparing: update tb_shop SET shop_name = ?, shop_desc = ?, shop_addr = ?, phone = ?, shop_img= ?, last_edit_time = ?, enable_status = ?, advice = ?, shop_category_id = ?, area_id = ? where shop_id = ? 
2020-12-22 09:54:59.474 [main] DEBUG com.dist.o2o.dao.ShopDao.updateShop - ==> Parameters: 测试的店铺1(String), test1(String), test1(String), test1(String), /upload/item/shop/2/1564920201222095458.jpg(String), 2020-12-22 09:54:58.368(Timestamp), 0(Integer), 审核中(String), 1(Long), 1(Integer), null
2020-12-22 09:54:59.477 [main] DEBUG com.dist.o2o.dao.ShopDao.updateShop - <==    Updates: 0
2020-12-22 10:17:22.242 [main] DEBUG com.dist.o2o.dao.ShopDao.insertShop - ==>  Preparing: INSERT INTO tb_shop(owner_id,area_id,shop_category_id,shop_name,shop_desc, shop_addr,phone,shop_img,priority,create_time,last_edit_time,enable_status,advice) VALUES (?,?,?,?,?,?, ?,?,?,?,?,?,?) 
2020-12-22 10:17:22.281 [main] DEBUG com.dist.o2o.dao.ShopDao.insertShop - ==> Parameters: 1(Long), 1(Integer), 1(Long), 测试的店铺1(String), test1(String), test1(String), test1(String), null, null, 2020-12-22 10:17:22.209(Timestamp), 2020-12-22 10:17:22.209(Timestamp), 0(Integer), 审核中(String)
2020-12-22 10:17:22.284 [main] DEBUG com.dist.o2o.dao.ShopDao.insertShop - <==    Updates: 1
2020-12-22 10:17:22.927 [main] DEBUG com.dist.o2o.util.ImageUtil - current relative is:2009520201222101722
2020-12-22 10:17:23.173 [main] DEBUG com.dist.o2o.dao.ShopDao.updateShop - ==>  Preparing: update tb_shop SET shop_name = ?, shop_desc = ?, shop_addr = ?, phone = ?, shop_img= ?, last_edit_time = ?, enable_status = ?, advice = ?, shop_category_id = ?, area_id = ? where shop_id = ? 
2020-12-22 10:17:23.174 [main] DEBUG com.dist.o2o.dao.ShopDao.updateShop - ==> Parameters: 测试的店铺1(String), test1(String), test1(String), test1(String), upload/item/shop/2/2009520201222101722.jpg(String), 2020-12-22 10:17:22.209(Timestamp), 0(Integer), 审核中(String), 1(Long), 1(Integer), null
2020-12-22 10:17:23.175 [main] DEBUG com.dist.o2o.dao.ShopDao.updateShop - <==    Updates: 0
2020-12-22 11:12:36.419 [main] DEBUG com.dist.o2o.dao.ShopDao.insertShop - ==>  Preparing: INSERT INTO tb_shop(owner_id,area_id,shop_category_id,shop_name,shop_desc, shop_addr,phone,shop_img,priority,create_time,last_edit_time,enable_status,advice) VALUES (?,?,?,?,?,?, ?,?,?,?,?,?,?) 
2020-12-22 11:12:36.460 [main] DEBUG com.dist.o2o.dao.ShopDao.insertShop - ==> Parameters: 1(Long), 1(Integer), 1(Long), 测试的店铺1(String), test1(String), test1(String), test1(String), null, null, 2020-12-22 11:12:36.386(Timestamp), 2020-12-22 11:12:36.386(Timestamp), 0(Integer), 审核中(String)
2020-12-22 11:12:36.462 [main] DEBUG com.dist.o2o.dao.ShopDao.insertShop - <==    Updates: 1
2020-12-22 11:12:37.131 [main] DEBUG com.dist.o2o.util.ImageUtil - current relative is:6193620201222111236
2020-12-22 11:12:37.368 [main] DEBUG com.dist.o2o.dao.ShopDao.updateShop - ==>  Preparing: update tb_shop SET shop_name = ?, shop_desc = ?, shop_addr = ?, phone = ?, shop_img= ?, last_edit_time = ?, enable_status = ?, advice = ?, shop_category_id = ?, area_id = ? where shop_id = ? 
2020-12-22 11:12:37.368 [main] DEBUG com.dist.o2o.dao.ShopDao.updateShop - ==> Parameters: 测试的店铺1(String), test1(String), test1(String), test1(String), upload/item/shop/2/6193620201222111236.jpg(String), 2020-12-22 11:12:36.386(Timestamp), 0(Integer), 审核中(String), 1(Long), 1(Integer), null
2020-12-22 11:12:37.369 [main] DEBUG com.dist.o2o.dao.ShopDao.updateShop - <==    Updates: 0
